<?xml version="1.0" encoding="UTF-8"?>
<!-- Generated by org.testng.reporters.JUnitReportReporter -->
<testsuite hostname="IPS-215" failures="0" tests="1" name="Testcase.Verified_Home_Testcase2" time="17.465" errors="0" timestamp="2024-09-10T15:23:37 IST" skipped="0">
  <testcase classname="Testcase.Verified_Home_Testcase2" name="Verified_Home_Page" time="17.465"/>
  <system-out/>
</testsuite> <!-- Testcase.Verified_Home_Testcase2 -->
