<?xml version="1.0" encoding="UTF-8"?>
<!-- Generated by org.testng.reporters.JUnitReportReporter -->
<testsuite hostname="IPS-215" failures="0" tests="1" name="Testcase.Verified_Sign_Up_Page" time="9.537" errors="0" timestamp="2024-09-10T15:23:37 IST" skipped="0">
  <testcase classname="Testcase.Verified_Sign_Up_Page" name="Verified_SignUp_Page" time="9.537"/>
  <system-out/>
</testsuite> <!-- Testcase.Verified_Sign_Up_Page -->
